{
  "stats": {
    "suites": 1,
    "tests": 2,
    "passes": 2,
    "pending": 0,
    "failures": 0,
    "start": "2024-01-03T07:47:14.405Z",
    "end": "2024-01-03T07:47:46.918Z",
    "duration": 32513,
    "testsRegistered": 2,
    "passPercent": 100,
    "pendingPercent": 0,
    "other": 0,
    "hasOther": false,
    "skipped": 0,
    "hasSkipped": false
  },
  "results": [
    {
      "uuid": "dfd1ec97-cd06-4f3c-b079-955e5619d0ba",
      "title": "",
      "fullFile": "cypress\\integration\\HomePage.cy.js",
      "file": "cypress\\integration\\HomePage.cy.js",
      "beforeHooks": [],
      "afterHooks": [],
      "tests": [],
      "suites": [
        {
          "uuid": "01a7ce68-c1e4-481b-9bf3-522dedf86590",
          "title": "Test Suite",
          "fullFile": "",
          "file": "",
          "beforeHooks": [],
          "afterHooks": [],
          "tests": [
            {
              "title": "2. Login User with correct email and password",
              "fullTitle": "Test Suite 2. Login User with correct email and password",
              "timedOut": null,
              "duration": 16819,
              "state": "passed",
              "speed": "slow",
              "pass": true,
              "fail": false,
              "pending": false,
              "context": null,
              "code": "//Verify home page visibility\ncy.get(\"header[id='header'] li:nth-child(1) a:nth-child(1)\").should(\"be.visible\").and(\"have.text\", \" Home\");\n//Click on 'Signup / Login' button\ncy.get(\"a[href='/login']\").click();\ncy.get(\"div[class='login-form']>h2\").should(\"be.visible\").and(\"have.text\", \"Login to your account\");\ncy.get(\"input[data-qa='login-email']\").type(\"pvermat12@gmail.com\");\ncy.get(\"input[data-qa='login-password']\").type(\"Prik@123\");\ncy.get(\"button[data-qa='login-button']\").click();\ncy.get(\"div>ul >li:nth-child(10)>a\").should(\"be.visible\").and(\"have.text\", ' Logged in as Pverma');\n//Account deleted \n// cy.get('.shop-menu > .nav > :nth-child(5) > a').click()\n// cy.get(\"div>h2>b\").should(\"be.visible\").and(\"have.text\", \"Account Deleted!\")\n// cy.get(\"div>a[class='btn btn-primary']\").click().then(function () {\n//     cy.log(\"Account Deleted Successfully\")\n// })",
              "err": {},
              "uuid": "ed2c23c1-b412-4909-8df5-f1718041764f",
              "parentUUID": "01a7ce68-c1e4-481b-9bf3-522dedf86590",
              "isHook": false,
              "skipped": false
            },
            {
              "title": "5: Register User with existing email",
              "fullTitle": "Test Suite 5: Register User with existing email",
              "timedOut": null,
              "duration": 12161,
              "state": "passed",
              "speed": "slow",
              "pass": true,
              "fail": false,
              "pending": false,
              "context": null,
              "code": "// Verify home page visibility\ncy.get(\"header[id='header'] li:nth-child(1) a:nth-child(1)\").should(\"have.text\", \" Home\").and(\"be.visible\");\n//Click on 'Signup / Login' button\ncy.get(\"a[href='/login']\").click();\n// Verify 'New User Signup!' is visible\ncy.get(\"div[class='signup-form'] h2\").and(\"have.text\", \"New User Signup!\");\n//Enter name and email address and click on signup button\ncy.get(\"input[type='text']\").type(\"Pverma\");\ncy.get(\"input[data-qa='signup-email']\").type(\"pverma@gmail.com\");\ncy.get('[data-qa=\"signup-button\"]').click();\ncy.get(\"p:nth-child(5)\").should(\"have.text\", \"Email Address already exist!\").and(\"be.visible\");",
              "err": {},
              "uuid": "de80e08f-e873-476e-9740-abeda4283840",
              "parentUUID": "01a7ce68-c1e4-481b-9bf3-522dedf86590",
              "isHook": false,
              "skipped": false
            }
          ],
          "suites": [],
          "passes": [
            "ed2c23c1-b412-4909-8df5-f1718041764f",
            "de80e08f-e873-476e-9740-abeda4283840"
          ],
          "failures": [],
          "pending": [],
          "skipped": [],
          "duration": 28980,
          "root": false,
          "rootEmpty": false,
          "_timeout": 2000
        }
      ],
      "passes": [],
      "failures": [],
      "pending": [],
      "skipped": [],
      "duration": 0,
      "root": true,
      "rootEmpty": true,
      "_timeout": 2000
    }
  ],
  "meta": {
    "mocha": {
      "version": "7.0.1"
    },
    "mochawesome": {
      "options": {
        "quiet": false,
        "reportFilename": "mochawesome",
        "saveHtml": true,
        "saveJson": true,
        "consoleReporter": "spec",
        "useInlineDiffs": false,
        "code": true
      },
      "version": "7.1.3"
    },
    "marge": {
      "options": {
        "charts": true,
        "reportPageTitle": "CypressPOC",
        "embeddedScreenshots": true,
        "inlineAssets": true,
        "saveAllAttempts": true,
        "video": true,
        "screenshotOnRunFailure": true,
        "videosFolder": "cypress/vidoes"
      },
      "version": "6.2.0"
    }
  }
}